running egg_info
creating ../../build/turtlebot_teleop/turtlebot_teleop.egg-info
writing ../../build/turtlebot_teleop/turtlebot_teleop.egg-info/PKG-INFO
writing dependency_links to ../../build/turtlebot_teleop/turtlebot_teleop.egg-info/dependency_links.txt
writing entry points to ../../build/turtlebot_teleop/turtlebot_teleop.egg-info/entry_points.txt
writing requirements to ../../build/turtlebot_teleop/turtlebot_teleop.egg-info/requires.txt
writing top-level names to ../../build/turtlebot_teleop/turtlebot_teleop.egg-info/top_level.txt
writing manifest file '../../build/turtlebot_teleop/turtlebot_teleop.egg-info/SOURCES.txt'
reading manifest file '../../build/turtlebot_teleop/turtlebot_teleop.egg-info/SOURCES.txt'
writing manifest file '../../build/turtlebot_teleop/turtlebot_teleop.egg-info/SOURCES.txt'
running build
running build_py
creating /root/ros_workspace/build/turtlebot_teleop/build
creating /root/ros_workspace/build/turtlebot_teleop/build/lib
creating /root/ros_workspace/build/turtlebot_teleop/build/lib/turtlebot_teleop
copying turtlebot_teleop/teleop_keyboard.py -> /root/ros_workspace/build/turtlebot_teleop/build/lib/turtlebot_teleop
copying turtlebot_teleop/__init__.py -> /root/ros_workspace/build/turtlebot_teleop/build/lib/turtlebot_teleop
running install
running install_lib
creating /root/ros_workspace/install/turtlebot_teleop/lib/python3.12/site-packages/turtlebot_teleop
copying /root/ros_workspace/build/turtlebot_teleop/build/lib/turtlebot_teleop/teleop_keyboard.py -> /root/ros_workspace/install/turtlebot_teleop/lib/python3.12/site-packages/turtlebot_teleop
copying /root/ros_workspace/build/turtlebot_teleop/build/lib/turtlebot_teleop/__init__.py -> /root/ros_workspace/install/turtlebot_teleop/lib/python3.12/site-packages/turtlebot_teleop
byte-compiling /root/ros_workspace/install/turtlebot_teleop/lib/python3.12/site-packages/turtlebot_teleop/teleop_keyboard.py to teleop_keyboard.cpython-312.pyc
byte-compiling /root/ros_workspace/install/turtlebot_teleop/lib/python3.12/site-packages/turtlebot_teleop/__init__.py to __init__.cpython-312.pyc
running install_data
creating /root/ros_workspace/install/turtlebot_teleop/share
creating /root/ros_workspace/install/turtlebot_teleop/share/ament_index
creating /root/ros_workspace/install/turtlebot_teleop/share/ament_index/resource_index
creating /root/ros_workspace/install/turtlebot_teleop/share/ament_index/resource_index/packages
copying resource/turtlebot_teleop -> /root/ros_workspace/install/turtlebot_teleop/share/ament_index/resource_index/packages
creating /root/ros_workspace/install/turtlebot_teleop/share/turtlebot_teleop
copying package.xml -> /root/ros_workspace/install/turtlebot_teleop/share/turtlebot_teleop
running install_egg_info
Copying ../../build/turtlebot_teleop/turtlebot_teleop.egg-info to /root/ros_workspace/install/turtlebot_teleop/lib/python3.12/site-packages/turtlebot_teleop-0.0.0-py3.12.egg-info
running install_scripts
Installing teleop_keyboard script to /root/ros_workspace/install/turtlebot_teleop/lib/turtlebot_teleop
writing list of installed files to '/root/ros_workspace/build/turtlebot_teleop/install.log'
