running egg_info
creating ../../build/urdf_file/urdf_file.egg-info
writing ../../build/urdf_file/urdf_file.egg-info/PKG-INFO
writing dependency_links to ../../build/urdf_file/urdf_file.egg-info/dependency_links.txt
writing entry points to ../../build/urdf_file/urdf_file.egg-info/entry_points.txt
writing requirements to ../../build/urdf_file/urdf_file.egg-info/requires.txt
writing top-level names to ../../build/urdf_file/urdf_file.egg-info/top_level.txt
writing manifest file '../../build/urdf_file/urdf_file.egg-info/SOURCES.txt'
reading manifest file '../../build/urdf_file/urdf_file.egg-info/SOURCES.txt'
writing manifest file '../../build/urdf_file/urdf_file.egg-info/SOURCES.txt'
running build
running build_py
creating /root/ros_workspace/build/urdf_file/build
creating /root/ros_workspace/build/urdf_file/build/lib
creating /root/ros_workspace/build/urdf_file/build/lib/urdf_file
copying urdf_file/__init__.py -> /root/ros_workspace/build/urdf_file/build/lib/urdf_file
copying urdf_file/state_publisher.py -> /root/ros_workspace/build/urdf_file/build/lib/urdf_file
running install
running install_lib
creating /root/ros_workspace/install/urdf_file/lib/python3.12/site-packages/urdf_file
copying /root/ros_workspace/build/urdf_file/build/lib/urdf_file/__init__.py -> /root/ros_workspace/install/urdf_file/lib/python3.12/site-packages/urdf_file
copying /root/ros_workspace/build/urdf_file/build/lib/urdf_file/state_publisher.py -> /root/ros_workspace/install/urdf_file/lib/python3.12/site-packages/urdf_file
byte-compiling /root/ros_workspace/install/urdf_file/lib/python3.12/site-packages/urdf_file/__init__.py to __init__.cpython-312.pyc
byte-compiling /root/ros_workspace/install/urdf_file/lib/python3.12/site-packages/urdf_file/state_publisher.py to state_publisher.cpython-312.pyc
running install_data
creating /root/ros_workspace/install/urdf_file/share/ament_index
creating /root/ros_workspace/install/urdf_file/share/ament_index/resource_index
creating /root/ros_workspace/install/urdf_file/share/ament_index/resource_index/packages
copying resource/urdf_file -> /root/ros_workspace/install/urdf_file/share/ament_index/resource_index/packages
copying package.xml -> /root/ros_workspace/install/urdf_file/share/urdf_file
creating /root/ros_workspace/install/urdf_file/share/urdf_file/launch
copying launch/display.launch.py -> /root/ros_workspace/install/urdf_file/share/urdf_file/launch
running install_egg_info
Copying ../../build/urdf_file/urdf_file.egg-info to /root/ros_workspace/install/urdf_file/lib/python3.12/site-packages/urdf_file-0.0.0-py3.12.egg-info
running install_scripts
Installing state_publisher script to /root/ros_workspace/install/urdf_file/lib/urdf_file
writing list of installed files to '/root/ros_workspace/build/urdf_file/install.log'
