[0.948s] Invoking command in '/root/ros_workspace/src/turtlebot_teleop': PYTHONPATH=/root/ros_workspace/build/turtlebot_teleop/prefix_override:/usr/lib/python3/dist-packages/colcon_core/task/python/colcon_distutils_commands:/root/ros_workspace/install/turtlebot_teleop/lib/python3.12/site-packages:${PYTHONPATH} /usr/bin/python3 -W ignore:setup.py install is deprecated -W ignore:easy_install command is deprecated setup.py egg_info --egg-base ../../build/turtlebot_teleop build --build-base /root/ros_workspace/build/turtlebot_teleop/build install --record /root/ros_workspace/build/turtlebot_teleop/install.log --single-version-externally-managed install_data
[1.198s] running egg_info
[1.210s] writing ../../build/turtlebot_teleop/turtlebot_teleop.egg-info/PKG-INFO
[1.210s] writing dependency_links to ../../build/turtlebot_teleop/turtlebot_teleop.egg-info/dependency_links.txt
[1.211s] writing entry points to ../../build/turtlebot_teleop/turtlebot_teleop.egg-info/entry_points.txt
[1.211s] writing requirements to ../../build/turtlebot_teleop/turtlebot_teleop.egg-info/requires.txt
[1.211s] writing top-level names to ../../build/turtlebot_teleop/turtlebot_teleop.egg-info/top_level.txt
[1.237s] reading manifest file '../../build/turtlebot_teleop/turtlebot_teleop.egg-info/SOURCES.txt'
[1.237s] writing manifest file '../../build/turtlebot_teleop/turtlebot_teleop.egg-info/SOURCES.txt'
[1.238s] running build
[1.238s] running build_py
[1.238s] copying turtlebot_teleop/teleop_keyboard.py -> /root/ros_workspace/build/turtlebot_teleop/build/lib/turtlebot_teleop
[1.238s] running install
[1.245s] running install_lib
[1.259s] copying /root/ros_workspace/build/turtlebot_teleop/build/lib/turtlebot_teleop/teleop_keyboard.py -> /root/ros_workspace/install/turtlebot_teleop/lib/python3.12/site-packages/turtlebot_teleop
[1.259s] byte-compiling /root/ros_workspace/install/turtlebot_teleop/lib/python3.12/site-packages/turtlebot_teleop/teleop_keyboard.py to teleop_keyboard.cpython-312.pyc
[1.261s] running install_data
[1.261s] running install_egg_info
[1.275s] removing '/root/ros_workspace/install/turtlebot_teleop/lib/python3.12/site-packages/turtlebot_teleop-0.0.0-py3.12.egg-info' (and everything under it)
[1.276s] Copying ../../build/turtlebot_teleop/turtlebot_teleop.egg-info to /root/ros_workspace/install/turtlebot_teleop/lib/python3.12/site-packages/turtlebot_teleop-0.0.0-py3.12.egg-info
[1.276s] running install_scripts
[1.370s] Installing teleop_keyboard script to /root/ros_workspace/install/turtlebot_teleop/lib/turtlebot_teleop
[1.370s] writing list of installed files to '/root/ros_workspace/build/turtlebot_teleop/install.log'
[1.405s] Invoked command in '/root/ros_workspace/src/turtlebot_teleop' returned '0': PYTHONPATH=/root/ros_workspace/build/turtlebot_teleop/prefix_override:/usr/lib/python3/dist-packages/colcon_core/task/python/colcon_distutils_commands:/root/ros_workspace/install/turtlebot_teleop/lib/python3.12/site-packages:${PYTHONPATH} /usr/bin/python3 -W ignore:setup.py install is deprecated -W ignore:easy_install command is deprecated setup.py egg_info --egg-base ../../build/turtlebot_teleop build --build-base /root/ros_workspace/build/turtlebot_teleop/build install --record /root/ros_workspace/build/turtlebot_teleop/install.log --single-version-externally-managed install_data
