running egg_info
writing ../../build/urdf_file/urdf_file.egg-info/PKG-INFO
writing dependency_links to ../../build/urdf_file/urdf_file.egg-info/dependency_links.txt
writing entry points to ../../build/urdf_file/urdf_file.egg-info/entry_points.txt
writing requirements to ../../build/urdf_file/urdf_file.egg-info/requires.txt
writing top-level names to ../../build/urdf_file/urdf_file.egg-info/top_level.txt
reading manifest file '../../build/urdf_file/urdf_file.egg-info/SOURCES.txt'
writing manifest file '../../build/urdf_file/urdf_file.egg-info/SOURCES.txt'
running build
running build_py
running install
running install_lib
running install_data
copying launch/display.launch.py -> /root/ros_workspace/install/urdf_file/share/urdf_file/launch
running install_egg_info
removing '/root/ros_workspace/install/urdf_file/lib/python3.12/site-packages/urdf_file-0.0.0-py3.12.egg-info' (and everything under it)
Copying ../../build/urdf_file/urdf_file.egg-info to /root/ros_workspace/install/urdf_file/lib/python3.12/site-packages/urdf_file-0.0.0-py3.12.egg-info
running install_scripts
Installing state_publisher script to /root/ros_workspace/install/urdf_file/lib/urdf_file
writing list of installed files to '/root/ros_workspace/build/urdf_file/install.log'
