running egg_info
writing ../../build/turtlebot_teleop/turtlebot_teleop.egg-info/PKG-INFO
writing dependency_links to ../../build/turtlebot_teleop/turtlebot_teleop.egg-info/dependency_links.txt
writing entry points to ../../build/turtlebot_teleop/turtlebot_teleop.egg-info/entry_points.txt
writing requirements to ../../build/turtlebot_teleop/turtlebot_teleop.egg-info/requires.txt
writing top-level names to ../../build/turtlebot_teleop/turtlebot_teleop.egg-info/top_level.txt
reading manifest file '../../build/turtlebot_teleop/turtlebot_teleop.egg-info/SOURCES.txt'
writing manifest file '../../build/turtlebot_teleop/turtlebot_teleop.egg-info/SOURCES.txt'
running build
running build_py
running install
running install_lib
running install_data
copying package.xml -> /root/ros_workspace/install/turtlebot_teleop/share/turtlebot_teleop
running install_egg_info
removing '/root/ros_workspace/install/turtlebot_teleop/lib/python3.12/site-packages/turtlebot_teleop-0.0.0-py3.12.egg-info' (and everything under it)
Copying ../../build/turtlebot_teleop/turtlebot_teleop.egg-info to /root/ros_workspace/install/turtlebot_teleop/lib/python3.12/site-packages/turtlebot_teleop-0.0.0-py3.12.egg-info
running install_scripts
Installing teleop_keyboard script to /root/ros_workspace/install/turtlebot_teleop/lib/turtlebot_teleop
writing list of installed files to '/root/ros_workspace/build/turtlebot_teleop/install.log'
