[0.691s] Invoking command in '/root/ros_workspace/src/turtlebot_teleop': PYTHONPATH=/root/ros_workspace/build/turtlebot_teleop/prefix_override:/usr/lib/python3/dist-packages/colcon_core/task/python/colcon_distutils_commands:/root/ros_workspace/install/turtlebot_teleop/lib/python3.12/site-packages:${PYTHONPATH} /usr/bin/python3 -W ignore:setup.py install is deprecated -W ignore:easy_install command is deprecated setup.py egg_info --egg-base ../../build/turtlebot_teleop build --build-base /root/ros_workspace/build/turtlebot_teleop/build install --record /root/ros_workspace/build/turtlebot_teleop/install.log --single-version-externally-managed install_data
[0.911s] running egg_info
[0.923s] writing ../../build/turtlebot_teleop/turtlebot_teleop.egg-info/PKG-INFO
[0.923s] writing dependency_links to ../../build/turtlebot_teleop/turtlebot_teleop.egg-info/dependency_links.txt
[0.924s] writing entry points to ../../build/turtlebot_teleop/turtlebot_teleop.egg-info/entry_points.txt
[0.924s] writing requirements to ../../build/turtlebot_teleop/turtlebot_teleop.egg-info/requires.txt
[0.924s] writing top-level names to ../../build/turtlebot_teleop/turtlebot_teleop.egg-info/top_level.txt
[0.952s] reading manifest file '../../build/turtlebot_teleop/turtlebot_teleop.egg-info/SOURCES.txt'
[0.953s] writing manifest file '../../build/turtlebot_teleop/turtlebot_teleop.egg-info/SOURCES.txt'
[0.953s] running build
[0.953s] running build_py
[0.954s] running install
[0.961s] running install_lib
[0.975s] running install_data
[0.975s] copying package.xml -> /root/ros_workspace/install/turtlebot_teleop/share/turtlebot_teleop
[0.975s] running install_egg_info
[0.990s] removing '/root/ros_workspace/install/turtlebot_teleop/lib/python3.12/site-packages/turtlebot_teleop-0.0.0-py3.12.egg-info' (and everything under it)
[0.991s] Copying ../../build/turtlebot_teleop/turtlebot_teleop.egg-info to /root/ros_workspace/install/turtlebot_teleop/lib/python3.12/site-packages/turtlebot_teleop-0.0.0-py3.12.egg-info
[0.992s] running install_scripts
[1.087s] Installing teleop_keyboard script to /root/ros_workspace/install/turtlebot_teleop/lib/turtlebot_teleop
[1.087s] writing list of installed files to '/root/ros_workspace/build/turtlebot_teleop/install.log'
[1.120s] Invoked command in '/root/ros_workspace/src/turtlebot_teleop' returned '0': PYTHONPATH=/root/ros_workspace/build/turtlebot_teleop/prefix_override:/usr/lib/python3/dist-packages/colcon_core/task/python/colcon_distutils_commands:/root/ros_workspace/install/turtlebot_teleop/lib/python3.12/site-packages:${PYTHONPATH} /usr/bin/python3 -W ignore:setup.py install is deprecated -W ignore:easy_install command is deprecated setup.py egg_info --egg-base ../../build/turtlebot_teleop build --build-base /root/ros_workspace/build/turtlebot_teleop/build install --record /root/ros_workspace/build/turtlebot_teleop/install.log --single-version-externally-managed install_data
