[0.841s] Invoking command in '/root/ros_workspace/src/turtlebot_teleop': PYTHONPATH=/root/ros_workspace/build/turtlebot_teleop/prefix_override:/usr/lib/python3/dist-packages/colcon_core/task/python/colcon_distutils_commands:/root/ros_workspace/install/turtlebot_teleop/lib/python3.12/site-packages:${PYTHONPATH} /usr/bin/python3 -W ignore:setup.py install is deprecated -W ignore:easy_install command is deprecated setup.py egg_info --egg-base ../../build/turtlebot_teleop build --build-base /root/ros_workspace/build/turtlebot_teleop/build install --record /root/ros_workspace/build/turtlebot_teleop/install.log --single-version-externally-managed install_data
[1.042s] running egg_info
[1.054s] writing ../../build/turtlebot_teleop/turtlebot_teleop.egg-info/PKG-INFO
[1.055s] writing dependency_links to ../../build/turtlebot_teleop/turtlebot_teleop.egg-info/dependency_links.txt
[1.055s] writing entry points to ../../build/turtlebot_teleop/turtlebot_teleop.egg-info/entry_points.txt
[1.055s] writing requirements to ../../build/turtlebot_teleop/turtlebot_teleop.egg-info/requires.txt
[1.055s] writing top-level names to ../../build/turtlebot_teleop/turtlebot_teleop.egg-info/top_level.txt
[1.080s] reading manifest file '../../build/turtlebot_teleop/turtlebot_teleop.egg-info/SOURCES.txt'
[1.081s] writing manifest file '../../build/turtlebot_teleop/turtlebot_teleop.egg-info/SOURCES.txt'
[1.081s] running build
[1.081s] running build_py
[1.081s] running install
[1.087s] running install_lib
[1.100s] running install_data
[1.100s] running install_egg_info
[1.114s] removing '/root/ros_workspace/install/turtlebot_teleop/lib/python3.12/site-packages/turtlebot_teleop-0.0.0-py3.12.egg-info' (and everything under it)
[1.114s] Copying ../../build/turtlebot_teleop/turtlebot_teleop.egg-info to /root/ros_workspace/install/turtlebot_teleop/lib/python3.12/site-packages/turtlebot_teleop-0.0.0-py3.12.egg-info
[1.115s] running install_scripts
[1.206s] Installing teleop_keyboard script to /root/ros_workspace/install/turtlebot_teleop/lib/turtlebot_teleop
[1.206s] writing list of installed files to '/root/ros_workspace/build/turtlebot_teleop/install.log'
[1.240s] Invoked command in '/root/ros_workspace/src/turtlebot_teleop' returned '0': PYTHONPATH=/root/ros_workspace/build/turtlebot_teleop/prefix_override:/usr/lib/python3/dist-packages/colcon_core/task/python/colcon_distutils_commands:/root/ros_workspace/install/turtlebot_teleop/lib/python3.12/site-packages:${PYTHONPATH} /usr/bin/python3 -W ignore:setup.py install is deprecated -W ignore:easy_install command is deprecated setup.py egg_info --egg-base ../../build/turtlebot_teleop build --build-base /root/ros_workspace/build/turtlebot_teleop/build install --record /root/ros_workspace/build/turtlebot_teleop/install.log --single-version-externally-managed install_data
